# JRE version: Java(TM) SE Runtime Environment (24.0.1+9) (build 24.0.1+9-30)
# Java VM: Java HotSpot(TM) 64-Bit Server VM (24.0.1+9-30, mixed mode, sharing, tiered, compressed oops, compressed class ptrs, g1 gc, windows-amd64)
GC Precious Log:
 CardTable entry size: 512
 Card Set container configuration: InlinePtr #cards 5 size 8 Array Of Cards #cards 10 size 36 Howl #buckets 4 coarsen threshold 1843 Howl Bitmap #cards 512 size 80 coarsen threshold 460 Card regions per heap region 1 cards per card region 2048
 CPUs: 4 total, 4 available
 Memory: 3891M
 Large Page Support: Disabled
 NUMA Support: Disabled
 Compressed Oops: Enabled (32-bit)
 Heap Region Size: 1M
 Heap Min Capacity: 8M
 Heap Initial Capacity: 62M
 Heap Max Capacity: 974M
 Pre-touch: Disabled
 Parallel Workers: 4
 Concurrent Workers: 1
 Concurrent Refinement Workers: 4
 Periodic GC: Disabled
Heap:
 garbage-first heap   total reserved 997376K, committed 109568K, used 74991K [0x00000000c3200000, 0x0000000100000000)
  region size 1024K, 4 young (4096K), 4 survivors (4096K)
 Metaspace       used 68656K, committed 69568K, reserved 1114112K
  class space    used 7058K, committed 7488K, reserved 1048576K
GC Heap History (20 events):
Event: 17.965 GC heap before
{Heap before GC invocations=19 (full 0):
 garbage-first heap   total reserved 997376K, committed 76800K, used 66531K [0x00000000c3200000, 0x0000000100000000)
  region size 1024K, 29 young (29696K), 3 survivors (3072K)
 Metaspace       used 59040K, committed 59904K, reserved 1114112K
  class space    used 5978K, committed 6400K, reserved 1048576K
}
Event: 17.975 GC heap after
{Heap after GC invocations=20 (full 0):
 garbage-first heap   total reserved 997376K, committed 76800K, used 41993K [0x00000000c3200000, 0x0000000100000000)
  region size 1024K, 4 young (4096K), 4 survivors (4096K)
 Metaspace       used 59040K, committed 59904K, reserved 1114112K
  class space    used 5978K, committed 6400K, reserved 1048576K
}
Event: 18.943 GC heap before
{Heap before GC invocations=20 (full 0):
 garbage-first heap   total reserved 997376K, committed 76800K, used 66569K [0x00000000c3200000, 0x0000000100000000)
  region size 1024K, 28 young (28672K), 4 survivors (4096K)
 Metaspace       used 62847K, committed 63744K, reserved 1114112K
  class space    used 6406K, committed 6848K, reserved 1048576K
}
Event: 18.961 GC heap after
{Heap after GC invocations=21 (full 0):
 garbage-first heap   total reserved 997376K, committed 76800K, used 43859K [0x00000000c3200000, 0x0000000100000000)
  region size 1024K, 4 young (4096K), 4 survivors (4096K)
 Metaspace       used 62847K, committed 63744K, reserved 1114112K
  class space    used 6406K, committed 6848K, reserved 1048576K
}
Event: 20.560 GC heap before
{Heap before GC invocations=21 (full 0):
 garbage-first heap   total reserved 997376K, committed 76800K, used 66387K [0x00000000c3200000, 0x0000000100000000)
  region size 1024K, 27 young (27648K), 4 survivors (4096K)
 Metaspace       used 66272K, committed 67200K, reserved 1114112K
  class space    used 6815K, committed 7232K, reserved 1048576K
}
Event: 20.578 GC heap after
{Heap after GC invocations=22 (full 0):
 garbage-first heap   total reserved 997376K, committed 76800K, used 47835K [0x00000000c3200000, 0x0000000100000000)
  region size 1024K, 4 young (4096K), 4 survivors (4096K)
 Metaspace       used 66272K, committed 67200K, reserved 1114112K
  class space    used 6815K, committed 7232K, reserved 1048576K
}
Event: 20.992 GC heap before
{Heap before GC invocations=23 (full 0):
 garbage-first heap   total reserved 997376K, committed 80896K, used 67291K [0x00000000c3200000, 0x0000000100000000)
  region size 1024K, 23 young (23552K), 4 survivors (4096K)
 Metaspace       used 66340K, committed 67264K, reserved 1114112K
  class space    used 6823K, committed 7232K, reserved 1048576K
}
Event: 21.003 GC heap after
{Heap after GC invocations=24 (full 0):
 garbage-first heap   total reserved 997376K, committed 80896K, used 49604K [0x00000000c3200000, 0x0000000100000000)
  region size 1024K, 2 young (2048K), 2 survivors (2048K)
 Metaspace       used 66340K, committed 67264K, reserved 1114112K
  class space    used 6823K, committed 7232K, reserved 1048576K
}
Event: 21.378 GC heap before
{Heap before GC invocations=24 (full 0):
 garbage-first heap   total reserved 997376K, committed 80896K, used 71108K [0x00000000c3200000, 0x0000000100000000)
  region size 1024K, 24 young (24576K), 2 survivors (2048K)
 Metaspace       used 66416K, committed 67392K, reserved 1114112K
  class space    used 6831K, committed 7296K, reserved 1048576K
}
Event: 21.391 GC heap after
{Heap after GC invocations=25 (full 0):
 garbage-first heap   total reserved 997376K, committed 80896K, used 51844K [0x00000000c3200000, 0x0000000100000000)
  region size 1024K, 3 young (3072K), 3 survivors (3072K)
 Metaspace       used 66416K, committed 67392K, reserved 1114112K
  class space    used 6831K, committed 7296K, reserved 1048576K
}
Event: 21.525 GC heap before
{Heap before GC invocations=25 (full 0):
 garbage-first heap   total reserved 997376K, committed 80896K, used 57988K [0x00000000c3200000, 0x0000000100000000)
  region size 1024K, 10 young (10240K), 3 survivors (3072K)
 Metaspace       used 66466K, committed 67456K, reserved 1114112K
  class space    used 6832K, committed 7296K, reserved 1048576K
}
Event: 21.535 GC heap after
{Heap after GC invocations=26 (full 0):
 garbage-first heap   total reserved 997376K, committed 109568K, used 53642K [0x00000000c3200000, 0x0000000100000000)
  region size 1024K, 2 young (2048K), 2 survivors (2048K)
 Metaspace       used 66466K, committed 67456K, reserved 1114112K
  class space    used 6832K, committed 7296K, reserved 1048576K
}
Event: 22.247 GC heap before
{Heap before GC invocations=26 (full 0):
 garbage-first heap   total reserved 997376K, committed 109568K, used 88458K [0x00000000c3200000, 0x0000000100000000)
  region size 1024K, 36 young (36864K), 2 survivors (2048K)
 Metaspace       used 66659K, committed 67584K, reserved 1114112K
  class space    used 6835K, committed 7296K, reserved 1048576K
}
Event: 22.255 GC heap after
{Heap after GC invocations=27 (full 0):
 garbage-first heap   total reserved 997376K, committed 109568K, used 56052K [0x00000000c3200000, 0x0000000100000000)
  region size 1024K, 4 young (4096K), 4 survivors (4096K)
 Metaspace       used 66659K, committed 67584K, reserved 1114112K
  class space    used 6835K, committed 7296K, reserved 1048576K
}
Event: 23.254 GC heap before
{Heap before GC invocations=27 (full 0):
 garbage-first heap   total reserved 997376K, committed 109568K, used 81652K [0x00000000c3200000, 0x0000000100000000)
  region size 1024K, 30 young (30720K), 4 survivors (4096K)
 Metaspace       used 66875K, committed 67840K, reserved 1114112K
  class space    used 6843K, committed 7296K, reserved 1048576K
}
Event: 23.275 GC heap after
{Heap after GC invocations=28 (full 0):
 garbage-first heap   total reserved 997376K, committed 109568K, used 62231K [0x00000000c3200000, 0x0000000100000000)
  region size 1024K, 5 young (5120K), 5 survivors (5120K)
 Metaspace       used 66875K, committed 67840K, reserved 1114112K
  class space    used 6843K, committed 7296K, reserved 1048576K
}
Event: 23.479 GC heap before
{Heap before GC invocations=28 (full 0):
 garbage-first heap   total reserved 997376K, committed 109568K, used 93975K [0x00000000c3200000, 0x0000000100000000)
  region size 1024K, 35 young (35840K), 5 survivors (5120K)
 Metaspace       used 66925K, committed 67840K, reserved 1114112K
  class space    used 6848K, committed 7296K, reserved 1048576K
}
Event: 23.492 GC heap after
{Heap after GC invocations=29 (full 0):
 garbage-first heap   total reserved 997376K, committed 109568K, used 64838K [0x00000000c3200000, 0x0000000100000000)
  region size 1024K, 2 young (2048K), 2 survivors (2048K)
 Metaspace       used 66925K, committed 67840K, reserved 1114112K
  class space    used 6848K, committed 7296K, reserved 1048576K
}
Event: 24.389 GC heap before
{Heap before GC invocations=30 (full 0):
 garbage-first heap   total reserved 997376K, committed 109568K, used 96582K [0x00000000c3200000, 0x0000000100000000)
  region size 1024K, 32 young (32768K), 2 survivors (2048K)
 Metaspace       used 68533K, committed 69440K, reserved 1114112K
  class space    used 7052K, committed 7488K, reserved 1048576K
}
Event: 24.405 GC heap after
{Heap after GC invocations=31 (full 0):
 garbage-first heap   total reserved 997376K, committed 109568K, used 70656K [0x00000000c3200000, 0x0000000100000000)
  region size 1024K, 4 young (4096K), 4 survivors (4096K)
 Metaspace       used 68533K, committed 69440K, reserved 1114112K
  class space    used 7052K, committed 7488K, reserved 1048576K
}

