# JRE version: Java(TM) SE Runtime Environment (24.0.1+9) (build 24.0.1+9-30)
# Java VM: Java HotSpot(TM) 64-Bit Server VM (24.0.1+9-30, mixed mode, sharing, tiered, compressed oops, compressed class ptrs, g1 gc, windows-amd64)
GC Precious Log:
 CardTable entry size: 512
 Card Set container configuration: InlinePtr #cards 5 size 8 Array Of Cards #cards 10 size 36 Howl #buckets 4 coarsen threshold 1843 Howl Bitmap #cards 512 size 80 coarsen threshold 460 Card regions per heap region 1 cards per card region 2048
 CPUs: 4 total, 4 available
 Memory: 3891M
 Large Page Support: Disabled
 NUMA Support: Disabled
 Compressed Oops: Enabled (32-bit)
 Heap Region Size: 1M
 Heap Min Capacity: 8M
 Heap Initial Capacity: 62M
 Heap Max Capacity: 974M
 Pre-touch: Disabled
 Parallel Workers: 4
 Concurrent Workers: 1
 Concurrent Refinement Workers: 4
 Periodic GC: Disabled
Heap:
 garbage-first heap   total reserved 997376K, committed 66560K, used 43569K [0x00000000c3200000, 0x0000000100000000)
  region size 1024K, 8 young (8192K), 2 survivors (2048K)
 Metaspace       used 55583K, committed 56512K, reserved 1114112K
  class space    used 5652K, committed 6080K, reserved 1048576K
GC Heap History (20 events):
Event: 4.888 GC heap before
{Heap before GC invocations=2 (full 0):
 garbage-first heap   total reserved 997376K, committed 65536K, used 24427K [0x00000000c3200000, 0x0000000100000000)
  region size 1024K, 16 young (16384K), 2 survivors (2048K)
 Metaspace       used 21201K, committed 21504K, reserved 1114112K
  class space    used 1822K, committed 1984K, reserved 1048576K
}
Event: 4.900 GC heap after
{Heap after GC invocations=3 (full 0):
 garbage-first heap   total reserved 997376K, committed 65536K, used 12643K [0x00000000c3200000, 0x0000000100000000)
  region size 1024K, 3 young (3072K), 3 survivors (3072K)
 Metaspace       used 21201K, committed 21504K, reserved 1114112K
  class space    used 1822K, committed 1984K, reserved 1048576K
}
Event: 7.060 GC heap before
{Heap before GC invocations=4 (full 0):
 garbage-first heap   total reserved 997376K, committed 48128K, used 44387K [0x00000000c3200000, 0x0000000100000000)
  region size 1024K, 34 young (34816K), 3 survivors (3072K)
 Metaspace       used 29880K, committed 30144K, reserved 1114112K
  class space    used 2702K, committed 2816K, reserved 1048576K
}
Event: 7.083 GC heap after
{Heap after GC invocations=5 (full 0):
 garbage-first heap   total reserved 997376K, committed 53248K, used 16173K [0x00000000c3200000, 0x0000000100000000)
  region size 1024K, 5 young (5120K), 5 survivors (5120K)
 Metaspace       used 29880K, committed 30144K, reserved 1114112K
  class space    used 2702K, committed 2816K, reserved 1048576K
}
Event: 8.943 GC heap before
{Heap before GC invocations=5 (full 0):
 garbage-first heap   total reserved 997376K, committed 53248K, used 38701K [0x00000000c3200000, 0x0000000100000000)
  region size 1024K, 27 young (27648K), 5 survivors (5120K)
 Metaspace       used 32872K, committed 33280K, reserved 1114112K
  class space    used 3028K, committed 3200K, reserved 1048576K
}
Event: 8.957 GC heap after
{Heap after GC invocations=6 (full 0):
 garbage-first heap   total reserved 997376K, committed 53248K, used 18909K [0x00000000c3200000, 0x0000000100000000)
  region size 1024K, 3 young (3072K), 3 survivors (3072K)
 Metaspace       used 32872K, committed 33280K, reserved 1114112K
  class space    used 3028K, committed 3200K, reserved 1048576K
}
Event: 9.835 GC heap before
{Heap before GC invocations=6 (full 0):
 garbage-first heap   total reserved 997376K, committed 53248K, used 33245K [0x00000000c3200000, 0x0000000100000000)
  region size 1024K, 18 young (18432K), 3 survivors (3072K)
 Metaspace       used 35691K, committed 35968K, reserved 1114112K
  class space    used 3467K, committed 3584K, reserved 1048576K
}
Event: 9.847 GC heap after
{Heap after GC invocations=7 (full 0):
 garbage-first heap   total reserved 997376K, committed 53248K, used 19735K [0x00000000c3200000, 0x0000000100000000)
  region size 1024K, 3 young (3072K), 3 survivors (3072K)
 Metaspace       used 35691K, committed 35968K, reserved 1114112K
  class space    used 3467K, committed 3584K, reserved 1048576K
}
Event: 12.021 GC heap before
{Heap before GC invocations=8 (full 0):
 garbage-first heap   total reserved 997376K, committed 53248K, used 42263K [0x00000000c3200000, 0x0000000100000000)
  region size 1024K, 26 young (26624K), 3 survivors (3072K)
 Metaspace       used 42869K, committed 43264K, reserved 1114112K
  class space    used 4383K, committed 4544K, reserved 1048576K
}
Event: 12.036 GC heap after
{Heap after GC invocations=9 (full 0):
 garbage-first heap   total reserved 997376K, committed 53248K, used 22492K [0x00000000c3200000, 0x0000000100000000)
  region size 1024K, 4 young (4096K), 4 survivors (4096K)
 Metaspace       used 42869K, committed 43264K, reserved 1114112K
  class space    used 4383K, committed 4544K, reserved 1048576K
}
Event: 13.102 GC heap before
{Heap before GC invocations=9 (full 0):
 garbage-first heap   total reserved 997376K, committed 53248K, used 42972K [0x00000000c3200000, 0x0000000100000000)
  region size 1024K, 25 young (25600K), 4 survivors (4096K)
 Metaspace       used 47669K, committed 48064K, reserved 1114112K
  class space    used 4691K, committed 4864K, reserved 1048576K
}
Event: 13.116 GC heap after
{Heap after GC invocations=10 (full 0):
 garbage-first heap   total reserved 997376K, committed 53248K, used 25425K [0x00000000c3200000, 0x0000000100000000)
  region size 1024K, 4 young (4096K), 4 survivors (4096K)
 Metaspace       used 47669K, committed 48064K, reserved 1114112K
  class space    used 4691K, committed 4864K, reserved 1048576K
}
Event: 13.648 GC heap before
{Heap before GC invocations=10 (full 0):
 garbage-first heap   total reserved 997376K, committed 53248K, used 43857K [0x00000000c3200000, 0x0000000100000000)
  region size 1024K, 22 young (22528K), 4 survivors (4096K)
 Metaspace       used 49337K, committed 49920K, reserved 1114112K
  class space    used 4957K, committed 5184K, reserved 1048576K
}
Event: 13.659 GC heap after
{Heap after GC invocations=11 (full 0):
 garbage-first heap   total reserved 997376K, committed 53248K, used 25988K [0x00000000c3200000, 0x0000000100000000)
  region size 1024K, 1 young (1024K), 1 survivors (1024K)
 Metaspace       used 49337K, committed 49920K, reserved 1114112K
  class space    used 4957K, committed 5184K, reserved 1048576K
}
Event: 14.458 GC heap before
{Heap before GC invocations=11 (full 0):
 garbage-first heap   total reserved 997376K, committed 53248K, used 45444K [0x00000000c3200000, 0x0000000100000000)
  region size 1024K, 20 young (20480K), 1 survivors (1024K)
 Metaspace       used 51219K, committed 52032K, reserved 1114112K
  class space    used 5211K, committed 5568K, reserved 1048576K
}
Event: 14.468 GC heap after
{Heap after GC invocations=12 (full 0):
 garbage-first heap   total reserved 997376K, committed 64512K, used 28147K [0x00000000c3200000, 0x0000000100000000)
  region size 1024K, 3 young (3072K), 3 survivors (3072K)
 Metaspace       used 51219K, committed 52032K, reserved 1114112K
  class space    used 5211K, committed 5568K, reserved 1048576K
}
Event: 17.023 GC heap before
{Heap before GC invocations=13 (full 0):
 garbage-first heap   total reserved 997376K, committed 64512K, used 53747K [0x00000000c3200000, 0x0000000100000000)
  region size 1024K, 29 young (29696K), 3 survivors (3072K)
 Metaspace       used 53418K, committed 54272K, reserved 1114112K
  class space    used 5450K, committed 5888K, reserved 1048576K
}
Event: 17.053 GC heap after
{Heap after GC invocations=14 (full 0):
 garbage-first heap   total reserved 997376K, committed 64512K, used 34596K [0x00000000c3200000, 0x0000000100000000)
  region size 1024K, 4 young (4096K), 4 survivors (4096K)
 Metaspace       used 53418K, committed 54272K, reserved 1114112K
  class space    used 5450K, committed 5888K, reserved 1048576K
}
Event: 17.607 GC heap before
{Heap before GC invocations=14 (full 0):
 garbage-first heap   total reserved 997376K, committed 64512K, used 56100K [0x00000000c3200000, 0x0000000100000000)
  region size 1024K, 24 young (24576K), 4 survivors (4096K)
 Metaspace       used 55434K, committed 56384K, reserved 1114112K
  class space    used 5647K, committed 6080K, reserved 1048576K
}
Event: 17.627 GC heap after
{Heap after GC invocations=15 (full 0):
 garbage-first heap   total reserved 997376K, committed 65536K, used 38498K [0x00000000c3200000, 0x0000000100000000)
  region size 1024K, 3 young (3072K), 3 survivors (3072K)
 Metaspace       used 55434K, committed 56384K, reserved 1114112K
  class space    used 5647K, committed 6080K, reserved 1048576K
}

